<?xml version="1.0" encoding="UTF-8"?>
<testsuite name="com.ficcy.api.core.ReclistTest" tests="1" skipped="0" failures="0" errors="0" timestamp="2016-02-28T19:47:27" hostname="Princesss-Air" time="0.004">
  <properties/>
  <testcase name="testThatReclistIsNotEmpty" classname="com.ficcy.api.core.ReclistTest" time="0.004"/>
  <system-out><![CDATA[]]></system-out>
  <system-err><![CDATA[]]></system-err>
</testsuite>
